group0
1    20180110    91    84    108    242    525
1    20180120    89    127    100    177    493
0    20180112    83    131    126    153    493
0    20180157    80    110    131    241    562
1    20180104    91    77    110    189    467
1    20180010    120    92    147    227    586
group1
1    20180166    88    100    107    160    455
1    20180005    130    107    143    191    571
0    20180071    127    126    103    172    528
0    20180013    124    137    120    156    537
0    20180160    80    134    101    161    476
1    20180018    97    141    103    222    563
group2
1    20180105    82    139    137    182    540
1    20180162    103    135    131    188    557
0    20180163    106    149    135    175    565
0    20180079    87    136    136    218    577
1    20180022    116    77    124    236    553
1    20180027    80    99    105    174    458
group3
1    20180109    105    79    129    186    499
1    20180189    89    102    144    247    582
0    20180016    87    93    141    247    568
0    20180066    104    112    131    167    514
1    20180025    86    112    123    237    558
1    20180034    114    114    122    238    588
group4
1    20180130    119    117    128    205    569
1    20180191    116    134    112    242    604
0    20180032    80    72    101    151    404
0    20180165    116    85    126    181    508
1    20180072    118    145    107    174    544
0    20180059    120    88    124    208    540
group5
1    20180068    99    128    106    153    486
1    20180087    100    144    104    237    585
0    20180134    120    75    137    155    487
0    20180043    92    90    133    188    503
1    20180089    124    133    108    213    578
0    20180076    82    118    130    183    513
group6
1    20180101    94    83    137    165    479
1    20180039    126    145    147    182    600
0    20180096    101    77    139    228    545
0    20180059    120    88    124    208    540
0    20180199    90    133    135    224    582
0    20180083    82    98    110    168    458
group7
1    20180118    100    127    122    180    529
1    20180078    81    85    138    196    500
0    20180054    130    145    150    218    643
0    20180007    100    121    139    158    518
0    20180102    121    71    139    215    546
1    20180135    111    74    138    200    523
group8
1    20180074    100    87    121    227    535
1    20180031    82    74    127    165    448
0    20180144    88    134    122    210    554
0    20180002    124    88    100    207    519
1    20180097    88    126    124    223    561
1    20180169    115    87    105    178    485
group9
1    20180004    112    78    131    206    527
1    20180017    130    140    138    151    559
0    20180188    126    144    133    155    558
0    20180198    108    141    108    234    591
0    20180067    126    82    147    225    580
0    20180178    112    95    113    170    490
group10
1    20180038    87    141    108    154    490
1    20180161    81    72    143    173    469
0    20180167    120    72    130    244    566
0    20180114    81    115    150    228    574
0    20180147    119    105    131    168    523
group11
1    20180182    103    131    103    244    581
1    20180095    109    74    114    222    519
0    20180145    114    100    112    177    503
0    20180172    124    71    102    156    453
1    20180045    83    91    145    187    506
group12
1    20180169    115    87    105    178    485
1    20180197    102    107    135    173    517
0    20180033    116    97    123    236    572
0    20180126    88    94    109    249    540
0    20180132    87    76    127    189    479
group13
1    20180057    89    79    108    246    522
1    20180029    116    107    144    194    561
0    20180200    102    79    118    194    493
0    20180006    128    78    101    153    460
0    20180086    116    122    139    244    621
group14
1    20180003    126    135    124    248    633
1    20180073    95    70    138    205    508
0    20180154    111    126    150    174    561
0    20180030    88    103    140    250    581
0    20180196    97    113    126    163    499
group15
1    20180008    130    127    113    190    560
1    20180088    83    96    107    153    439
0    20180158    118    107    102    205    532
0    20180146    92    121    147    201    561
0    20180082    108    103    110    177    498
group16
1    20180128    120    137    107    208    572
1    20180100    105    136    126    220    587
0    20180140    86    101    135    208    530
0    20180076    82    118    130    183    513
1    20180063    112    150    118    194    574
group17
1    20180141    98    102    104    244    548
1    20180010    120    92    147    227    586
0    20180090    109    131    144    188    572
0    20180042    128    109    115    246    598
1    20180012    91    70    135    225    521
group18
1    20180051    127    91    105    160    483
1    20180070    119    72    149    180    520
0    20180047    109    99    131    224    563
0    20180021    116    112    133    217    578
1    20180116    123    136    128    162    549
group19
1    20180055    116    88    150    192    546
1    20180091    113    93    124    160    490
0    20180053    88    97    144    167    496
0    20180108    104    142    149    229    624
1    20180124    108    97    103    185    493
group20
1    20180009    125    122    117    168    532
1    20180135    111    74    138    200    523
0    20180181    115    73    109    188    485
0    20180107    120    126    131    225    602
0    20180143    99    141    109    196    545
group21
1    20180041    94    145    139    221    599
1    20180027    80    99    105    174    458
0    20180171    99    140    142    230    611
0    20180036    122    101    132    169    524
0    20180187    126    135    141    217    619
group22
1    20180153    107    142    107    224    580
1    20180137    114    132    130    185    561
0    20180037    93    102    146    235    576
0    20180085    107    113    144    216    580
1    20180176    117    85    117    206    525
group23
1    20180046    104    72    127    205    508
1    20180149    107    126    120    247    600
0    20180148    85    103    117    157    462
0    20180155    130    109    119    200    558
1    20180159    81    106    131    176    494
group24
1    20180050    103    99    146    190    538
1    20180184    86    138    133    151    508
0    20180186    115    71    130    243    559
0    20180115    122    139    112    179    552
0    20180177    84    113    149    199    545
group25
1    20180064    87    114    113    202    516
1    20180119    103    133    125    226    587
0    20180168    122    101    141    198    562
0    20180083    82    98    110    168    458
1    20180020    128    100    144    190    562
group26
1    20180192    109    91    139    216    555
1    20180193    114    139    111    220    584
0    20180178    112    95    113    170    490
0    20180156    128    112    134    247    621
1    20180129    99    98    115    185    497
group27
1    20180113    119    73    132    248    572
1    20180142    88    145    105    207    545
0    20180040    101    136    100    247    584
0    20180173    116    74    100    223    513
1    20180080    124    132    105    209    570
group28
1    20180056    90    122    114    223    549
1    20180175    88    76    100    231    495
0    20180122    103    143    108    196    550
0    20180106    113    141    147    198    599
1    20180121    107    80    144    228    559
group29
1    20180123    116    135    108    225    584
1    20180174    123    110    132    200    565
0    20180052    93    90    127    159    469
0    20180061    94    122    118    179    513
0    20180015    106    116    134    231    587
group30
1    20180185    123    128    124    195    570
1    20180138    111    71    104    156    442
0    20180194    101    92    105    207    505
0    20180098    121    118    145    158    542
1    20180125    109    88    139    234    570
group31
1    20180093    99    108    141    204    552
1    20180133    95    90    136    181    502
0    20180062    96    103    138    174    511
0    20180152    112    114    112    169    507
1    20180111    122    108    117    180    527
group32
1    20180099    86    129    109    200    524
1    20180034    114    114    122    238    588
0    20180151    127    93    124    249    593
0    20180190    82    87    146    179    494
1    20180058    103    75    131    152    461
group33
1    20180131    93    107    119    178    497
1    20180103    117    137    138    209    601
0    20180164    95    129    135    206    565
0    20180075    117    132    124    218    591
0    20180094    86    105    120    244    555
group34
1    20180049    116    133    112    163    524
1    20180195    107    142    134    232    615
0    20180092    123    112    132    215    582
0    20180081    81    89    124    155    449
1    20180069    80    123    143    179    525
group35
1    20180127    113    73    138    235    559
1    20180018    97    141    103    222    563
0    20180150    125    107    101    250    583
0    20180117    93    77    106    182    458
1    20180014    111    89    138    202    540
group36
1    20180026    121    126    140    159    546
1    20180065    88    85    131    211    515
0    20180023    86    95    138    236    555
0    20180024    128    132    115    156    531
0    20180044    97    145    132    192    566
group37
1    20180139    96    150    134    197    577
1    20180048    95    70    132    202    499
0    20180180    92    136    123    210    561
0    20180001    92    93    118    246    549
0    20180183    120    143    139    154    556
